# JRE version: OpenJDK Runtime Environment Temurin-17.0.10+7 (17.0.10+7) (build 17.0.10+7)
# Java VM: OpenJDK 64-Bit Server VM Temurin-17.0.10+7 (17.0.10+7, mixed mode, emulated-client, tiered, compressed oops, compressed class ptrs, g1 gc, windows-amd64)
GC Precious Log:
 CPUs: 8 total, 8 available
 Memory: 7946M
 Large Page Support: Disabled
 NUMA Support: Disabled
 Compressed Oops: Enabled (32-bit)
 Heap Region Size: 1M
 Heap Min Capacity: 8M
 Heap Initial Capacity: 126M
 Heap Max Capacity: 1G
 Pre-touch: Disabled
 Parallel Workers: 8
 Concurrent Workers: 2
 Concurrent Refinement Workers: 8
 Periodic GC: Disabled
Heap:
 garbage-first heap   total 80896K, used 34151K [0x00000000c0000000, 0x0000000100000000)
  region size 1024K, 1 young (1024K), 0 survivors (0K)
 Metaspace       used 59312K, committed 59840K, reserved 1114112K
  class space    used 7376K, committed 7552K, reserved 1048576K
GC Heap History (20 events):
Event: 3865.079 GC heap before
{Heap before GC invocations=390 (full 186):
 garbage-first heap   total 80896K, used 63947K [0x00000000c0000000, 0x0000000100000000)
  region size 1024K, 27 young (27648K), 2 survivors (2048K)
 Metaspace       used 59339K, committed 59776K, reserved 1114112K
  class space    used 7381K, committed 7552K, reserved 1048576K
}
Event: 3865.083 GC heap after
{Heap after GC invocations=391 (full 186):
 garbage-first heap   total 80896K, used 36789K [0x00000000c0000000, 0x0000000100000000)
  region size 1024K, 1 young (1024K), 1 survivors (1024K)
 Metaspace       used 59339K, committed 59776K, reserved 1114112K
  class space    used 7381K, committed 7552K, reserved 1048576K
}
Event: 3866.840 GC heap before
{Heap before GC invocations=391 (full 186):
 garbage-first heap   total 80896K, used 64437K [0x00000000c0000000, 0x0000000100000000)
  region size 1024K, 28 young (28672K), 1 survivors (1024K)
 Metaspace       used 59339K, committed 59776K, reserved 1114112K
  class space    used 7381K, committed 7552K, reserved 1048576K
}
Event: 3866.846 GC heap after
{Heap after GC invocations=392 (full 186):
 garbage-first heap   total 80896K, used 37959K [0x00000000c0000000, 0x0000000100000000)
  region size 1024K, 2 young (2048K), 2 survivors (2048K)
 Metaspace       used 59339K, committed 59776K, reserved 1114112K
  class space    used 7381K, committed 7552K, reserved 1048576K
}
Event: 3874.156 GC heap before
{Heap before GC invocations=392 (full 186):
 garbage-first heap   total 80896K, used 64583K [0x00000000c0000000, 0x0000000100000000)
  region size 1024K, 28 young (28672K), 2 survivors (2048K)
 Metaspace       used 59352K, committed 59776K, reserved 1114112K
  class space    used 7383K, committed 7552K, reserved 1048576K
}
Event: 3874.158 GC heap after
{Heap after GC invocations=393 (full 186):
 garbage-first heap   total 80896K, used 38021K [0x00000000c0000000, 0x0000000100000000)
  region size 1024K, 2 young (2048K), 2 survivors (2048K)
 Metaspace       used 59352K, committed 59776K, reserved 1114112K
  class space    used 7383K, committed 7552K, reserved 1048576K
}
Event: 3876.359 GC heap before
{Heap before GC invocations=393 (full 186):
 garbage-first heap   total 80896K, used 64645K [0x00000000c0000000, 0x0000000100000000)
  region size 1024K, 28 young (28672K), 2 survivors (2048K)
 Metaspace       used 59367K, committed 59840K, reserved 1114112K
  class space    used 7387K, committed 7552K, reserved 1048576K
}
Event: 3876.361 GC heap after
{Heap after GC invocations=394 (full 186):
 garbage-first heap   total 80896K, used 38797K [0x00000000c0000000, 0x0000000100000000)
  region size 1024K, 3 young (3072K), 3 survivors (3072K)
 Metaspace       used 59367K, committed 59840K, reserved 1114112K
  class space    used 7387K, committed 7552K, reserved 1048576K
}
Event: 3879.835 GC heap before
{Heap before GC invocations=394 (full 186):
 garbage-first heap   total 80896K, used 62349K [0x00000000c0000000, 0x0000000100000000)
  region size 1024K, 27 young (27648K), 3 survivors (3072K)
 Metaspace       used 59372K, committed 59840K, reserved 1114112K
  class space    used 7388K, committed 7552K, reserved 1048576K
}
Event: 3879.838 GC heap after
{Heap after GC invocations=395 (full 186):
 garbage-first heap   total 80896K, used 38126K [0x00000000c0000000, 0x0000000100000000)
  region size 1024K, 2 young (2048K), 2 survivors (2048K)
 Metaspace       used 59372K, committed 59840K, reserved 1114112K
  class space    used 7388K, committed 7552K, reserved 1048576K
}
Event: 3882.101 GC heap before
{Heap before GC invocations=395 (full 186):
 garbage-first heap   total 80896K, used 63726K [0x00000000c0000000, 0x0000000100000000)
  region size 1024K, 27 young (27648K), 2 survivors (2048K)
 Metaspace       used 59372K, committed 59840K, reserved 1114112K
  class space    used 7388K, committed 7552K, reserved 1048576K
}
Event: 3882.102 GC heap after
{Heap after GC invocations=396 (full 186):
 garbage-first heap   total 80896K, used 36713K [0x00000000c0000000, 0x0000000100000000)
  region size 1024K, 1 young (1024K), 1 survivors (1024K)
 Metaspace       used 59372K, committed 59840K, reserved 1114112K
  class space    used 7388K, committed 7552K, reserved 1048576K
}
Event: 3883.672 GC heap before
{Heap before GC invocations=396 (full 186):
 garbage-first heap   total 80896K, used 64361K [0x00000000c0000000, 0x0000000100000000)
  region size 1024K, 28 young (28672K), 1 survivors (1024K)
 Metaspace       used 59372K, committed 59840K, reserved 1114112K
  class space    used 7388K, committed 7552K, reserved 1048576K
}
Event: 3883.677 GC heap after
{Heap after GC invocations=397 (full 186):
 garbage-first heap   total 80896K, used 39446K [0x00000000c0000000, 0x0000000100000000)
  region size 1024K, 4 young (4096K), 4 survivors (4096K)
 Metaspace       used 59372K, committed 59840K, reserved 1114112K
  class space    used 7388K, committed 7552K, reserved 1048576K
}
Event: 3926.938 GC heap before
{Heap before GC invocations=397 (full 186):
 garbage-first heap   total 80896K, used 54806K [0x00000000c0000000, 0x0000000100000000)
  region size 1024K, 20 young (20480K), 4 survivors (4096K)
 Metaspace       used 59372K, committed 59840K, reserved 1114112K
  class space    used 7388K, committed 7552K, reserved 1048576K
}
Event: 3926.971 GC heap after
{Heap after GC invocations=398 (full 187):
 garbage-first heap   total 80896K, used 34712K [0x00000000c0000000, 0x0000000100000000)
  region size 1024K, 0 young (0K), 0 survivors (0K)
 Metaspace       used 59366K, committed 59840K, reserved 1114112K
  class space    used 7386K, committed 7552K, reserved 1048576K
}
Event: 3937.101 GC heap before
{Heap before GC invocations=398 (full 187):
 garbage-first heap   total 80896K, used 34712K [0x00000000c0000000, 0x0000000100000000)
  region size 1024K, 1 young (1024K), 0 survivors (0K)
 Metaspace       used 59366K, committed 59840K, reserved 1114112K
  class space    used 7386K, committed 7552K, reserved 1048576K
}
Event: 3937.155 GC heap after
{Heap after GC invocations=399 (full 188):
 garbage-first heap   total 80896K, used 34573K [0x00000000c0000000, 0x0000000100000000)
  region size 1024K, 0 young (0K), 0 survivors (0K)
 Metaspace       used 59354K, committed 59840K, reserved 1114112K
  class space    used 7383K, committed 7552K, reserved 1048576K
}
Event: 3947.277 GC heap before
{Heap before GC invocations=399 (full 188):
 garbage-first heap   total 80896K, used 34573K [0x00000000c0000000, 0x0000000100000000)
  region size 1024K, 1 young (1024K), 0 survivors (0K)
 Metaspace       used 59354K, committed 59840K, reserved 1114112K
  class space    used 7383K, committed 7552K, reserved 1048576K
}
Event: 3947.332 GC heap after
{Heap after GC invocations=400 (full 189):
 garbage-first heap   total 80896K, used 34151K [0x00000000c0000000, 0x0000000100000000)
  region size 1024K, 0 young (0K), 0 survivors (0K)
 Metaspace       used 59312K, committed 59840K, reserved 1114112K
  class space    used 7376K, committed 7552K, reserved 1048576K
}

